"C:\Program Files\JetBrains\CLion 2020.1\bin\cmake\win\bin\cmake.exe" -DCMAKE_BUILD_TYPE=Debug -DCMAKE_C_COMPILER=C:/MinGW/bin/g++.exe -DCMAKE_CXX_COMPILER=C:/MinGW/bin/g++.exe -G "CodeBlocks - MinGW Makefiles" "C:\Users\nikol\OneDrive\Рабочий стол\Lab\vvp1\untitled"
-- The C compiler identification is unknown
-- The CXX compiler identification is GNU 6.3.0
-- Check for working C compiler: C:/MinGW/bin/g++.exe
-- Check for working C compiler: C:/MinGW/bin/g++.exe -- broken
CMake Error at C:/Program Files/JetBrains/CLion 2020.1/bin/cmake/win/share/cmake-3.16/Modules/CMakeTestCCompiler.cmake:60 (message):
  The C compiler

    "C:/MinGW/bin/g++.exe"

  is not able to compile a simple test program.

  It fails with the following output:

    Change Dir: C:/Users/nikol/OneDrive/Р Р°Р±РѕС‡РёР№ СЃС‚РѕР»/Lab/vvp1/untitled/cmake-build-debug/CMakeFiles/CMakeTmp
    
    Run Build Command(s):C:/MinGW/bin/mingw32-make.exe cmTC_91200/fast && C:/MinGW/bin/mingw32-make.exe -f CMakeFiles\cmTC_91200.dir\build.make CMakeFiles/cmTC_91200.dir/build
    mingw32-make.exe[1]: Entering directory 'C:/Users/nikol/OneDrive/в•ЁСЂСЃСЋСћС€С‰ С‘Р„СЋС‹/Lab/vvp1/untitled/cmake-build-debug/CMakeFiles/CMakeTmp'
    Building C object CMakeFiles/cmTC_91200.dir/testCCompiler.c.obj
    C:\MinGW\bin\g++.exe    -o CMakeFiles\cmTC_91200.dir\testCCompiler.c.obj   -c "C:\Users\nikol\OneDrive\в•ЁР°в•Ёв–‘в•Ёв–’в•Ёв•›в•¤Р—в•Ёв••в•Ёв•Ј в•¤Р‘в•¤Р’в•Ёв•›в•Ёв•—\Lab\vvp1\untitled\cmake-build-debug\CMakeFiles\CMakeTmp\testCCompiler.c"
    g++.exe: error: C:\Users\nikol\OneDrive\Р¶СЂР¶-Р¶-Р¶-Tв•џР¶РјР¶Р¶ Tв”ґTв”¬Р¶-Р¶Рј\Lab\vvp1\untitled\cmake-build-debug\CMakeFiles\CMakeTmp\testCCompiler.c: No such file or directory
    g++.exe: fatal error: no input files
    compilation terminated.
    CMakeFiles\cmTC_91200.dir\build.make:64: recipe for target 'CMakeFiles/cmTC_91200.dir/testCCompiler.c.obj' failed
    mingw32-make.exe[1]: *** [CMakeFiles/cmTC_91200.dir/testCCompiler.c.obj] Error 1
    mingw32-make.exe[1]: Leaving directory 'C:/Users/nikol/OneDrive/в•ЁСЂСЃСЋСћС€С‰ С‘Р„СЋС‹/Lab/vvp1/untitled/cmake-build-debug/CMakeFiles/CMakeTmp'
    Makefile:120: recipe for target 'cmTC_91200/fast' failed
    mingw32-make.exe: *** [cmTC_91200/fast] Error 2
    
    

  

  CMake will not be able to correctly generate this project.
Call Stack (most recent call first):
  CMakeLists.txt:2 (project)


-- Configuring incomplete, errors occurred!
See also "C:/Users/nikol/OneDrive/Р Р°Р±РѕС‡РёР№ СЃС‚РѕР»/Lab/vvp1/untitled/cmake-build-debug/CMakeFiles/CMakeOutput.log".
See also "C:/Users/nikol/OneDrive/Р Р°Р±РѕС‡РёР№ СЃС‚РѕР»/Lab/vvp1/untitled/cmake-build-debug/CMakeFiles/CMakeError.log".
